<?xml version="1.0" encoding="UTF-8"?>
<!-- Generated by org.testng.reporters.JUnitXMLReporter -->
<testsuite ignored="9" hostname="PsYcHoDrOid" failures="0" tests="3" name="Default test" time="9.576" errors="0" timestamp="2023-02-13T13:26:31 IST">
  <testcase classname="com.test.HomePageTestCases" name="ClickSignupButton" time="0.28"/>
  <testcase classname="com.test.HomePageTestCases" name="signup" time="2.042"/>
  <testcase classname="com.test.HomePageTestCases" name="ClickSCloseButton" time="0.213"/>
  <testcase classname="com.test.HomePageTestCases" name="Home" time="0.0">
    <ignored/>
  </testcase> <!-- Home -->
  <testcase classname="com.test.HomePageTestCases" name="ClickLCloseButton" time="0.0">
    <ignored/>
  </testcase> <!-- ClickLCloseButton -->
  <testcase classname="com.test.HomePageTestCases" name="loginClick" time="0.0">
    <ignored/>
  </testcase> <!-- loginClick -->
  <testcase classname="com.test.HomePageTestCases" name="AboutUs" time="0.0">
    <ignored/>
  </testcase> <!-- AboutUs -->
  <testcase classname="com.test.HomePageTestCases" name="Sendmessage" time="0.0">
    <ignored/>
  </testcase> <!-- Sendmessage -->
  <testcase classname="com.test.HomePageTestCases" name="Contact" time="0.0">
    <ignored/>
  </testcase> <!-- Contact -->
  <testcase classname="com.test.HomePageTestCases" name="CloseAboutUs" time="0.0">
    <ignored/>
  </testcase> <!-- CloseAboutUs -->
  <testcase classname="com.test.HomePageTestCases" name="Login" time="0.0">
    <ignored/>
  </testcase> <!-- Login -->
  <testcase classname="com.test.HomePageTestCases" name="ClickCart" time="0.0">
    <ignored/>
  </testcase> <!-- ClickCart -->
</testsuite> <!-- Default test -->
